#
# A fatal error has been detected by the Java Runtime Environment:
#
#  Internal Error (sharedRuntime.cpp:531), pid=2851, tid=5635
#  Error: ShouldNotReachHere()
#
# JRE version: OpenJDK Runtime Environment (16.0+14) (build 16+14)
# Java VM: OpenJDK 64-Bit Server VM (16+14, mixed mode, tiered, compressed oops, g1 gc, bsd-aarch64)
# No core dump will be written. Core dumps have been disabled. To enable core dumping, try "ulimit -c unlimited" before starting Java again
#
# If you would like to submit a bug report, please visit:
#   https://bugreport.java.com/bugreport/crash.jsp
#

---------------  S U M M A R Y ------------

Command Line: /Users/ykmac/.vscode/extensions/salesforce.salesforce-vscode-slds-1.4.8/lsp-0.0.13-executable.jar --PORT=51771

Host: MacBookPro17,1 arm64 1 MHz, 8 cores, 8G, Darwin 20.5.0, macOS 11.4 (20F71)
Time: Tue Jun 21 10:25:41 2022 JST elapsed time: 0.346835 seconds (0d 0h 0m 0s)

---------------  T H R E A D  ---------------

Current thread (0x000000011f80aa00):  JavaThread "main" [_thread_in_Java, id=5635, stack(0x000000016b680000,0x000000016b883000)]

Stack: [0x000000016b680000,0x000000016b883000],  sp=0x000000016b881140,  free space=2052k
Native frames: (J=compiled Java code, A=aot compiled Java code, j=interpreted, Vv=VM code, C=native code)
V  [libjvm.dylib+0x9b4130]  VMError::report_and_die(int, char const*, char const*, char*, Thread*, unsigned char*, void*, void*, char const*, int, unsigned long)+0x46c
V  [libjvm.dylib+0x9b4884]  VMError::report_and_die(Thread*, void*, char const*, int, char const*, char const*, char*)+0x40
V  [libjvm.dylib+0x2ad690]  report_vm_error(char const*, int, char const*, char const*, ...)+0x5c
V  [libjvm.dylib+0x2ad864]  report_should_not_reach_here(char const*, int)+0x2c
V  [libjvm.dylib+0x818d4c]  SharedRuntime::raw_exception_handler_for_return_address(JavaThread*, unsigned char*)+0x178
V  [libjvm.dylib+0x818df0]  SharedRuntime::exception_handler_for_return_address(JavaThread*, unsigned char*)+0x28
v  ~StubRoutines::forward exception
j  java.lang.Class.forName(Ljava/lang/String;ZLjava/lang/ClassLoader;)Ljava/lang/Class;+43 java.base@16
j  org.apache.commons.logging.LogAdapter.isPresent(Ljava/lang/String;)Z+7
j  org.apache.commons.logging.LogAdapter.<clinit>()V+2
v  ~StubRoutines::call_stub
V  [libjvm.dylib+0x44ae78]  JavaCalls::call_helper(JavaValue*, methodHandle const&, JavaCallArguments*, Thread*)+0x30c
V  [libjvm.dylib+0x42c624]  InstanceKlass::call_class_initializer(Thread*)+0x1e8
V  [libjvm.dylib+0x42bd50]  InstanceKlass::initialize_impl(Thread*)+0x57c
V  [libjvm.dylib+0x65f490]  LinkResolver::resolve_static_call(CallInfo&, LinkInfo const&, bool, Thread*)+0x78
V  [libjvm.dylib+0x661468]  LinkResolver::resolve_invoke(CallInfo&, Handle, constantPoolHandle const&, int, Bytecodes::Code, Thread*)+0xac
V  [libjvm.dylib+0x444304]  InterpreterRuntime::resolve_invoke(JavaThread*, Bytecodes::Code)+0x284
V  [libjvm.dylib+0x444960]  InterpreterRuntime::resolve_from_cache(JavaThread*, Bytecodes::Code)+0x7c
j  org.apache.commons.logging.LogFactory.getLog(Ljava/lang/String;)Lorg/apache/commons/logging/Log;+1
j  org.apache.commons.logging.LogFactory.getLog(Ljava/lang/Class;)Lorg/apache/commons/logging/Log;+4
j  org.springframework.boot.SpringApplication.<clinit>()V+2
v  ~StubRoutines::call_stub
V  [libjvm.dylib+0x44ae78]  JavaCalls::call_helper(JavaValue*, methodHandle const&, JavaCallArguments*, Thread*)+0x30c
V  [libjvm.dylib+0x42c624]  InstanceKlass::call_class_initializer(Thread*)+0x1e8
V  [libjvm.dylib+0x42bd50]  InstanceKlass::initialize_impl(Thread*)+0x57c
V  [libjvm.dylib+0x65f490]  LinkResolver::resolve_static_call(CallInfo&, LinkInfo const&, bool, Thread*)+0x78
V  [libjvm.dylib+0x661468]  LinkResolver::resolve_invoke(CallInfo&, Handle, constantPoolHandle const&, int, Bytecodes::Code, Thread*)+0xac
V  [libjvm.dylib+0x444304]  InterpreterRuntime::resolve_invoke(JavaThread*, Bytecodes::Code)+0x284
V  [libjvm.dylib+0x444960]  InterpreterRuntime::resolve_from_cache(JavaThread*, Bytecodes::Code)+0x7c
j  com.salesforce.slds.lsp.ServerLauncher.main([Ljava/lang/String;)V+3
v  ~StubRoutines::call_stub
V  [libjvm.dylib+0x44ae78]  JavaCalls::call_helper(JavaValue*, methodHandle const&, JavaCallArguments*, Thread*)+0x30c
V  [libjvm.dylib+0x7f69a8]  invoke(InstanceKlass*, methodHandle const&, Handle, bool, objArrayHandle, BasicType, objArrayHandle, bool, Thread*)+0x914
V  [libjvm.dylib+0x7f601c]  Reflection::invoke_method(oopDesc*, Handle, objArrayHandle, Thread*)+0x150
V  [libjvm.dylib+0x4fda80]  JVM_InvokeMethod+0x358
j  jdk.internal.reflect.NativeMethodAccessorImpl.invoke0(Ljava/lang/reflect/Method;Ljava/lang/Object;[Ljava/lang/Object;)Ljava/lang/Object;+0 java.base@16
j  jdk.internal.reflect.NativeMethodAccessorImpl.invoke(Ljava/lang/Object;[Ljava/lang/Object;)Ljava/lang/Object;+113 java.base@16
j  jdk.internal.reflect.DelegatingMethodAccessorImpl.invoke(Ljava/lang/Object;[Ljava/lang/Object;)Ljava/lang/Object;+6 java.base@16
j  java.lang.reflect.Method.invoke(Ljava/lang/Object;[Ljava/lang/Object;)Ljava/lang/Object;+59 java.base@16
j  org.springframework.boot.loader.MainMethodRunner.run()V+43
j  org.springframework.boot.loader.Launcher.launch([Ljava/lang/String;Ljava/lang/String;Ljava/lang/ClassLoader;)V+14
j  org.springframework.boot.loader.Launcher.launch([Ljava/lang/String;)V+19
j  org.springframework.boot.loader.JarLauncher.main([Ljava/lang/String;)V+8
v  ~StubRoutines::call_stub
V  [libjvm.dylib+0x44ae78]  JavaCalls::call_helper(JavaValue*, methodHandle const&, JavaCallArguments*, Thread*)+0x30c
V  [libjvm.dylib+0x4ab9d0]  jni_invoke_static(JNIEnv_*, JavaValue*, _jobject*, JNICallType, _jmethodID*, JNI_ArgumentPusher*, Thread*)+0x120
V  [libjvm.dylib+0x4aede4]  jni_CallStaticVoidMethod+0x120
C  [libjli.dylib+0x5438]  JavaMain+0x9d4
C  [libjli.dylib+0x7794]  ThreadJavaMain+0xc
C  [libsystem_pthread.dylib+0x7878]  _pthread_start+0x140


---------------  P R O C E S S  ---------------

Threads class SMR info:
_java_thread_list=0x000000011e8349d0, length=10, elements={
0x000000011f80aa00, 0x000000010e008200, 0x000000010e015200, 0x000000010e008800,
0x000000010e015800, 0x000000011f008c00, 0x000000011f009800, 0x000000010e009600,
0x000000011f8cc400, 0x0000000120011a00
}

Java Threads: ( => current thread )
=>0x000000011f80aa00 JavaThread "main" [_thread_in_Java, id=5635, stack(0x000000016b680000,0x000000016b883000)]
  0x000000010e008200 JavaThread "Reference Handler" daemon [_thread_blocked, id=15619, stack(0x000000016c4d4000,0x000000016c6d7000)]
  0x000000010e015200 JavaThread "Finalizer" daemon [_thread_blocked, id=16131, stack(0x000000016c6e0000,0x000000016c8e3000)]
  0x000000010e008800 JavaThread "Signal Dispatcher" daemon [_thread_blocked, id=22275, stack(0x000000016ca04000,0x000000016cc07000)]
  0x000000010e015800 JavaThread "Service Thread" daemon [_thread_blocked, id=42499, stack(0x000000016cc10000,0x000000016ce13000)]
  0x000000011f008c00 JavaThread "C2 CompilerThread0" daemon [_thread_in_native, id=42243, stack(0x000000016ce1c000,0x000000016d01f000)]
  0x000000011f009800 JavaThread "C1 CompilerThread0" daemon [_thread_blocked, id=41987, stack(0x000000016d028000,0x000000016d22b000)]
  0x000000010e009600 JavaThread "Sweeper thread" daemon [_thread_blocked, id=23299, stack(0x000000016d234000,0x000000016d437000)]
  0x000000011f8cc400 JavaThread "Notification Thread" daemon [_thread_blocked, id=23811, stack(0x000000016d440000,0x000000016d643000)]
  0x0000000120011a00 JavaThread "Common-Cleaner" daemon [_thread_blocked, id=41219, stack(0x000000016d858000,0x000000016da5b000)]

Other Threads:
  0x000000011de13950 VMThread "VM Thread" [stack: 0x000000016c2c8000,0x000000016c4cb000] [id=15107]
  0x0000000104e06320 WatcherThread [stack: 0x000000016d64c000,0x000000016d84f000] [id=24067]
  0x000000011e912070 GCTaskThread "GC Thread#0" [stack: 0x000000016b88c000,0x000000016ba8f000] [id=13315]
  0x000000011e9131f0 ConcurrentGCThread "G1 Main Marker" [stack: 0x000000016ba98000,0x000000016bc9b000] [id=20739]
  0x000000011e9142e0 ConcurrentGCThread "G1 Conc#0" [stack: 0x000000016bca4000,0x000000016bea7000] [id=13827]
  0x000000011e9305c0 ConcurrentGCThread "G1 Refine#0" [stack: 0x000000016beb0000,0x000000016c0b3000] [id=14083]
  0x000000011e931680 ConcurrentGCThread "G1 Service" [stack: 0x000000016c0bc000,0x000000016c2bf000] [id=14339]

Threads with active compile tasks:
C2 CompilerThread0      359  462       4       java.lang.AbstractStringBuilder::ensureCapacityInternal (39 bytes)

VM state: not at safepoint (normal execution)

VM Mutex/Monitor currently owned by a thread: None

Heap address: 0x0000000740000000, size: 2048 MB, Compressed Oops mode: Zero based, Oop shift amount: 3
Compressed class space mapped at: 0x0000000300000000-0x0000000340000000, reserved size: 1073741824
Narrow klass base: 0x0000000000000000, Narrow klass shift: 3, Narrow klass range: 0x340000000

GC Precious Log:
 CPUs: 8 total, 8 available
 Memory: 8192M
 Large Page Support: Disabled
 NUMA Support: Disabled
 Compressed Oops: Enabled (Zero based)
 Heap Region Size: 1M
 Heap Min Capacity: 8M
 Heap Initial Capacity: 128M
 Heap Max Capacity: 2G
 Pre-touch: Disabled
 Parallel Workers: 8
 Concurrent Workers: 2
 Concurrent Refinement Workers: 8
 Periodic GC: Disabled

Heap:
 garbage-first heap   total 131072K, used 7168K [0x0000000740000000, 0x00000007c0000000)
  region size 1024K, 9 young (9216K), 0 survivors (0K)
 Metaspace       used 7564K, committed 7744K, reserved 1056768K
  class space    used 639K, committed 704K, reserved 1048576K

Heap Regions: E=young(eden), S=young(survivor), O=old, HS=humongous(starts), HC=humongous(continues), CS=collection set, F=free, OA=open archive, CA=closed archive, TAMS=top-at-mark-start (previous, next)
|   0|0x0000000740000000, 0x0000000740000000, 0x0000000740100000|  0%| F|  |TAMS 0x0000000740000000, 0x0000000740000000| Untracked 
|   1|0x0000000740100000, 0x0000000740100000, 0x0000000740200000|  0%| F|  |TAMS 0x0000000740100000, 0x0000000740100000| Untracked 
|   2|0x0000000740200000, 0x0000000740200000, 0x0000000740300000|  0%| F|  |TAMS 0x0000000740200000, 0x0000000740200000| Untracked 
|   3|0x0000000740300000, 0x0000000740300000, 0x0000000740400000|  0%| F|  |TAMS 0x0000000740300000, 0x0000000740300000| Untracked 
|   4|0x0000000740400000, 0x0000000740400000, 0x0000000740500000|  0%| F|  |TAMS 0x0000000740400000, 0x0000000740400000| Untracked 
|   5|0x0000000740500000, 0x0000000740500000, 0x0000000740600000|  0%| F|  |TAMS 0x0000000740500000, 0x0000000740500000| Untracked 
|   6|0x0000000740600000, 0x0000000740600000, 0x0000000740700000|  0%| F|  |TAMS 0x0000000740600000, 0x0000000740600000| Untracked 
|   7|0x0000000740700000, 0x0000000740700000, 0x0000000740800000|  0%| F|  |TAMS 0x0000000740700000, 0x0000000740700000| Untracked 
|   8|0x0000000740800000, 0x0000000740800000, 0x0000000740900000|  0%| F|  |TAMS 0x0000000740800000, 0x0000000740800000| Untracked 
|   9|0x0000000740900000, 0x0000000740900000, 0x0000000740a00000|  0%| F|  |TAMS 0x0000000740900000, 0x0000000740900000| Untracked 
|  10|0x0000000740a00000, 0x0000000740a00000, 0x0000000740b00000|  0%| F|  |TAMS 0x0000000740a00000, 0x0000000740a00000| Untracked 
|  11|0x0000000740b00000, 0x0000000740b00000, 0x0000000740c00000|  0%| F|  |TAMS 0x0000000740b00000, 0x0000000740b00000| Untracked 
|  12|0x0000000740c00000, 0x0000000740c00000, 0x0000000740d00000|  0%| F|  |TAMS 0x0000000740c00000, 0x0000000740c00000| Untracked 
|  13|0x0000000740d00000, 0x0000000740d00000, 0x0000000740e00000|  0%| F|  |TAMS 0x0000000740d00000, 0x0000000740d00000| Untracked 
|  14|0x0000000740e00000, 0x0000000740e00000, 0x0000000740f00000|  0%| F|  |TAMS 0x0000000740e00000, 0x0000000740e00000| Untracked 
|  15|0x0000000740f00000, 0x0000000740f00000, 0x0000000741000000|  0%| F|  |TAMS 0x0000000740f00000, 0x0000000740f00000| Untracked 
|  16|0x0000000741000000, 0x0000000741000000, 0x0000000741100000|  0%| F|  |TAMS 0x0000000741000000, 0x0000000741000000| Untracked 
|  17|0x0000000741100000, 0x0000000741100000, 0x0000000741200000|  0%| F|  |TAMS 0x0000000741100000, 0x0000000741100000| Untracked 
|  18|0x0000000741200000, 0x0000000741200000, 0x0000000741300000|  0%| F|  |TAMS 0x0000000741200000, 0x0000000741200000| Untracked 
|  19|0x0000000741300000, 0x0000000741300000, 0x0000000741400000|  0%| F|  |TAMS 0x0000000741300000, 0x0000000741300000| Untracked 
|  20|0x0000000741400000, 0x0000000741400000, 0x0000000741500000|  0%| F|  |TAMS 0x0000000741400000, 0x0000000741400000| Untracked 
|  21|0x0000000741500000, 0x0000000741500000, 0x0000000741600000|  0%| F|  |TAMS 0x0000000741500000, 0x0000000741500000| Untracked 
|  22|0x0000000741600000, 0x0000000741600000, 0x0000000741700000|  0%| F|  |TAMS 0x0000000741600000, 0x0000000741600000| Untracked 
|  23|0x0000000741700000, 0x0000000741700000, 0x0000000741800000|  0%| F|  |TAMS 0x0000000741700000, 0x0000000741700000| Untracked 
|  24|0x0000000741800000, 0x0000000741800000, 0x0000000741900000|  0%| F|  |TAMS 0x0000000741800000, 0x0000000741800000| Untracked 
|  25|0x0000000741900000, 0x0000000741900000, 0x0000000741a00000|  0%| F|  |TAMS 0x0000000741900000, 0x0000000741900000| Untracked 
|  26|0x0000000741a00000, 0x0000000741a00000, 0x0000000741b00000|  0%| F|  |TAMS 0x0000000741a00000, 0x0000000741a00000| Untracked 
|  27|0x0000000741b00000, 0x0000000741b00000, 0x0000000741c00000|  0%| F|  |TAMS 0x0000000741b00000, 0x0000000741b00000| Untracked 
|  28|0x0000000741c00000, 0x0000000741c00000, 0x0000000741d00000|  0%| F|  |TAMS 0x0000000741c00000, 0x0000000741c00000| Untracked 
|  29|0x0000000741d00000, 0x0000000741d00000, 0x0000000741e00000|  0%| F|  |TAMS 0x0000000741d00000, 0x0000000741d00000| Untracked 
|  30|0x0000000741e00000, 0x0000000741e00000, 0x0000000741f00000|  0%| F|  |TAMS 0x0000000741e00000, 0x0000000741e00000| Untracked 
|  31|0x0000000741f00000, 0x0000000741f00000, 0x0000000742000000|  0%| F|  |TAMS 0x0000000741f00000, 0x0000000741f00000| Untracked 
|  32|0x0000000742000000, 0x0000000742000000, 0x0000000742100000|  0%| F|  |TAMS 0x0000000742000000, 0x0000000742000000| Untracked 
|  33|0x0000000742100000, 0x0000000742100000, 0x0000000742200000|  0%| F|  |TAMS 0x0000000742100000, 0x0000000742100000| Untracked 
|  34|0x0000000742200000, 0x0000000742200000, 0x0000000742300000|  0%| F|  |TAMS 0x0000000742200000, 0x0000000742200000| Untracked 
|  35|0x0000000742300000, 0x0000000742300000, 0x0000000742400000|  0%| F|  |TAMS 0x0000000742300000, 0x0000000742300000| Untracked 
|  36|0x0000000742400000, 0x0000000742400000, 0x0000000742500000|  0%| F|  |TAMS 0x0000000742400000, 0x0000000742400000| Untracked 
|  37|0x0000000742500000, 0x0000000742500000, 0x0000000742600000|  0%| F|  |TAMS 0x0000000742500000, 0x0000000742500000| Untracked 
|  38|0x0000000742600000, 0x0000000742600000, 0x0000000742700000|  0%| F|  |TAMS 0x0000000742600000, 0x0000000742600000| Untracked 
|  39|0x0000000742700000, 0x0000000742700000, 0x0000000742800000|  0%| F|  |TAMS 0x0000000742700000, 0x0000000742700000| Untracked 
|  40|0x0000000742800000, 0x0000000742800000, 0x0000000742900000|  0%| F|  |TAMS 0x0000000742800000, 0x0000000742800000| Untracked 
|  41|0x0000000742900000, 0x0000000742900000, 0x0000000742a00000|  0%| F|  |TAMS 0x0000000742900000, 0x0000000742900000| Untracked 
|  42|0x0000000742a00000, 0x0000000742a00000, 0x0000000742b00000|  0%| F|  |TAMS 0x0000000742a00000, 0x0000000742a00000| Untracked 
|  43|0x0000000742b00000, 0x0000000742b00000, 0x0000000742c00000|  0%| F|  |TAMS 0x0000000742b00000, 0x0000000742b00000| Untracked 
|  44|0x0000000742c00000, 0x0000000742c00000, 0x0000000742d00000|  0%| F|  |TAMS 0x0000000742c00000, 0x0000000742c00000| Untracked 
|  45|0x0000000742d00000, 0x0000000742d00000, 0x0000000742e00000|  0%| F|  |TAMS 0x0000000742d00000, 0x0000000742d00000| Untracked 
|  46|0x0000000742e00000, 0x0000000742e00000, 0x0000000742f00000|  0%| F|  |TAMS 0x0000000742e00000, 0x0000000742e00000| Untracked 
|  47|0x0000000742f00000, 0x0000000742f00000, 0x0000000743000000|  0%| F|  |TAMS 0x0000000742f00000, 0x0000000742f00000| Untracked 
|  48|0x0000000743000000, 0x0000000743000000, 0x0000000743100000|  0%| F|  |TAMS 0x0000000743000000, 0x0000000743000000| Untracked 
|  49|0x0000000743100000, 0x0000000743100000, 0x0000000743200000|  0%| F|  |TAMS 0x0000000743100000, 0x0000000743100000| Untracked 
|  50|0x0000000743200000, 0x0000000743200000, 0x0000000743300000|  0%| F|  |TAMS 0x0000000743200000, 0x0000000743200000| Untracked 
|  51|0x0000000743300000, 0x0000000743300000, 0x0000000743400000|  0%| F|  |TAMS 0x0000000743300000, 0x0000000743300000| Untracked 
|  52|0x0000000743400000, 0x0000000743400000, 0x0000000743500000|  0%| F|  |TAMS 0x0000000743400000, 0x0000000743400000| Untracked 
|  53|0x0000000743500000, 0x0000000743500000, 0x0000000743600000|  0%| F|  |TAMS 0x0000000743500000, 0x0000000743500000| Untracked 
|  54|0x0000000743600000, 0x0000000743600000, 0x0000000743700000|  0%| F|  |TAMS 0x0000000743600000, 0x0000000743600000| Untracked 
|  55|0x0000000743700000, 0x0000000743700000, 0x0000000743800000|  0%| F|  |TAMS 0x0000000743700000, 0x0000000743700000| Untracked 
|  56|0x0000000743800000, 0x0000000743800000, 0x0000000743900000|  0%| F|  |TAMS 0x0000000743800000, 0x0000000743800000| Untracked 
|  57|0x0000000743900000, 0x0000000743900000, 0x0000000743a00000|  0%| F|  |TAMS 0x0000000743900000, 0x0000000743900000| Untracked 
|  58|0x0000000743a00000, 0x0000000743a00000, 0x0000000743b00000|  0%| F|  |TAMS 0x0000000743a00000, 0x0000000743a00000| Untracked 
|  59|0x0000000743b00000, 0x0000000743b00000, 0x0000000743c00000|  0%| F|  |TAMS 0x0000000743b00000, 0x0000000743b00000| Untracked 
|  60|0x0000000743c00000, 0x0000000743c00000, 0x0000000743d00000|  0%| F|  |TAMS 0x0000000743c00000, 0x0000000743c00000| Untracked 
|  61|0x0000000743d00000, 0x0000000743d00000, 0x0000000743e00000|  0%| F|  |TAMS 0x0000000743d00000, 0x0000000743d00000| Untracked 
|  62|0x0000000743e00000, 0x0000000743e00000, 0x0000000743f00000|  0%| F|  |TAMS 0x0000000743e00000, 0x0000000743e00000| Untracked 
|  63|0x0000000743f00000, 0x0000000743f00000, 0x0000000744000000|  0%| F|  |TAMS 0x0000000743f00000, 0x0000000743f00000| Untracked 
|  64|0x0000000744000000, 0x0000000744000000, 0x0000000744100000|  0%| F|  |TAMS 0x0000000744000000, 0x0000000744000000| Untracked 
|  65|0x0000000744100000, 0x0000000744100000, 0x0000000744200000|  0%| F|  |TAMS 0x0000000744100000, 0x0000000744100000| Untracked 
|  66|0x0000000744200000, 0x0000000744200000, 0x0000000744300000|  0%| F|  |TAMS 0x0000000744200000, 0x0000000744200000| Untracked 
|  67|0x0000000744300000, 0x0000000744300000, 0x0000000744400000|  0%| F|  |TAMS 0x0000000744300000, 0x0000000744300000| Untracked 
|  68|0x0000000744400000, 0x0000000744400000, 0x0000000744500000|  0%| F|  |TAMS 0x0000000744400000, 0x0000000744400000| Untracked 
|  69|0x0000000744500000, 0x0000000744500000, 0x0000000744600000|  0%| F|  |TAMS 0x0000000744500000, 0x0000000744500000| Untracked 
|  70|0x0000000744600000, 0x0000000744600000, 0x0000000744700000|  0%| F|  |TAMS 0x0000000744600000, 0x0000000744600000| Untracked 
|  71|0x0000000744700000, 0x0000000744700000, 0x0000000744800000|  0%| F|  |TAMS 0x0000000744700000, 0x0000000744700000| Untracked 
|  72|0x0000000744800000, 0x0000000744800000, 0x0000000744900000|  0%| F|  |TAMS 0x0000000744800000, 0x0000000744800000| Untracked 
|  73|0x0000000744900000, 0x0000000744900000, 0x0000000744a00000|  0%| F|  |TAMS 0x0000000744900000, 0x0000000744900000| Untracked 
|  74|0x0000000744a00000, 0x0000000744a00000, 0x0000000744b00000|  0%| F|  |TAMS 0x0000000744a00000, 0x0000000744a00000| Untracked 
|  75|0x0000000744b00000, 0x0000000744b00000, 0x0000000744c00000|  0%| F|  |TAMS 0x0000000744b00000, 0x0000000744b00000| Untracked 
|  76|0x0000000744c00000, 0x0000000744c00000, 0x0000000744d00000|  0%| F|  |TAMS 0x0000000744c00000, 0x0000000744c00000| Untracked 
|  77|0x0000000744d00000, 0x0000000744d00000, 0x0000000744e00000|  0%| F|  |TAMS 0x0000000744d00000, 0x0000000744d00000| Untracked 
|  78|0x0000000744e00000, 0x0000000744e00000, 0x0000000744f00000|  0%| F|  |TAMS 0x0000000744e00000, 0x0000000744e00000| Untracked 
|  79|0x0000000744f00000, 0x0000000744f00000, 0x0000000745000000|  0%| F|  |TAMS 0x0000000744f00000, 0x0000000744f00000| Untracked 
|  80|0x0000000745000000, 0x0000000745000000, 0x0000000745100000|  0%| F|  |TAMS 0x0000000745000000, 0x0000000745000000| Untracked 
|  81|0x0000000745100000, 0x0000000745100000, 0x0000000745200000|  0%| F|  |TAMS 0x0000000745100000, 0x0000000745100000| Untracked 
|  82|0x0000000745200000, 0x0000000745200000, 0x0000000745300000|  0%| F|  |TAMS 0x0000000745200000, 0x0000000745200000| Untracked 
|  83|0x0000000745300000, 0x0000000745300000, 0x0000000745400000|  0%| F|  |TAMS 0x0000000745300000, 0x0000000745300000| Untracked 
|  84|0x0000000745400000, 0x0000000745400000, 0x0000000745500000|  0%| F|  |TAMS 0x0000000745400000, 0x0000000745400000| Untracked 
|  85|0x0000000745500000, 0x0000000745500000, 0x0000000745600000|  0%| F|  |TAMS 0x0000000745500000, 0x0000000745500000| Untracked 
|  86|0x0000000745600000, 0x0000000745600000, 0x0000000745700000|  0%| F|  |TAMS 0x0000000745600000, 0x0000000745600000| Untracked 
|  87|0x0000000745700000, 0x0000000745700000, 0x0000000745800000|  0%| F|  |TAMS 0x0000000745700000, 0x0000000745700000| Untracked 
|  88|0x0000000745800000, 0x0000000745800000, 0x0000000745900000|  0%| F|  |TAMS 0x0000000745800000, 0x0000000745800000| Untracked 
|  89|0x0000000745900000, 0x0000000745900000, 0x0000000745a00000|  0%| F|  |TAMS 0x0000000745900000, 0x0000000745900000| Untracked 
|  90|0x0000000745a00000, 0x0000000745a00000, 0x0000000745b00000|  0%| F|  |TAMS 0x0000000745a00000, 0x0000000745a00000| Untracked 
|  91|0x0000000745b00000, 0x0000000745b00000, 0x0000000745c00000|  0%| F|  |TAMS 0x0000000745b00000, 0x0000000745b00000| Untracked 
|  92|0x0000000745c00000, 0x0000000745c00000, 0x0000000745d00000|  0%| F|  |TAMS 0x0000000745c00000, 0x0000000745c00000| Untracked 
|  93|0x0000000745d00000, 0x0000000745d00000, 0x0000000745e00000|  0%| F|  |TAMS 0x0000000745d00000, 0x0000000745d00000| Untracked 
|  94|0x0000000745e00000, 0x0000000745e00000, 0x0000000745f00000|  0%| F|  |TAMS 0x0000000745e00000, 0x0000000745e00000| Untracked 
|  95|0x0000000745f00000, 0x0000000745f00000, 0x0000000746000000|  0%| F|  |TAMS 0x0000000745f00000, 0x0000000745f00000| Untracked 
|  96|0x0000000746000000, 0x0000000746000000, 0x0000000746100000|  0%| F|  |TAMS 0x0000000746000000, 0x0000000746000000| Untracked 
|  97|0x0000000746100000, 0x0000000746100000, 0x0000000746200000|  0%| F|  |TAMS 0x0000000746100000, 0x0000000746100000| Untracked 
|  98|0x0000000746200000, 0x0000000746200000, 0x0000000746300000|  0%| F|  |TAMS 0x0000000746200000, 0x0000000746200000| Untracked 
|  99|0x0000000746300000, 0x0000000746300000, 0x0000000746400000|  0%| F|  |TAMS 0x0000000746300000, 0x0000000746300000| Untracked 
| 100|0x0000000746400000, 0x0000000746400000, 0x0000000746500000|  0%| F|  |TAMS 0x0000000746400000, 0x0000000746400000| Untracked 
| 101|0x0000000746500000, 0x0000000746500000, 0x0000000746600000|  0%| F|  |TAMS 0x0000000746500000, 0x0000000746500000| Untracked 
| 102|0x0000000746600000, 0x0000000746600000, 0x0000000746700000|  0%| F|  |TAMS 0x0000000746600000, 0x0000000746600000| Untracked 
| 103|0x0000000746700000, 0x0000000746700000, 0x0000000746800000|  0%| F|  |TAMS 0x0000000746700000, 0x0000000746700000| Untracked 
| 104|0x0000000746800000, 0x0000000746800000, 0x0000000746900000|  0%| F|  |TAMS 0x0000000746800000, 0x0000000746800000| Untracked 
| 105|0x0000000746900000, 0x0000000746900000, 0x0000000746a00000|  0%| F|  |TAMS 0x0000000746900000, 0x0000000746900000| Untracked 
| 106|0x0000000746a00000, 0x0000000746a00000, 0x0000000746b00000|  0%| F|  |TAMS 0x0000000746a00000, 0x0000000746a00000| Untracked 
| 107|0x0000000746b00000, 0x0000000746b00000, 0x0000000746c00000|  0%| F|  |TAMS 0x0000000746b00000, 0x0000000746b00000| Untracked 
| 108|0x0000000746c00000, 0x0000000746c00000, 0x0000000746d00000|  0%| F|  |TAMS 0x0000000746c00000, 0x0000000746c00000| Untracked 
| 109|0x0000000746d00000, 0x0000000746d00000, 0x0000000746e00000|  0%| F|  |TAMS 0x0000000746d00000, 0x0000000746d00000| Untracked 
| 110|0x0000000746e00000, 0x0000000746e00000, 0x0000000746f00000|  0%| F|  |TAMS 0x0000000746e00000, 0x0000000746e00000| Untracked 
| 111|0x0000000746f00000, 0x0000000746f00000, 0x0000000747000000|  0%| F|  |TAMS 0x0000000746f00000, 0x0000000746f00000| Untracked 
| 112|0x0000000747000000, 0x0000000747000000, 0x0000000747100000|  0%| F|  |TAMS 0x0000000747000000, 0x0000000747000000| Untracked 
| 113|0x0000000747100000, 0x0000000747100000, 0x0000000747200000|  0%| F|  |TAMS 0x0000000747100000, 0x0000000747100000| Untracked 
| 114|0x0000000747200000, 0x0000000747200000, 0x0000000747300000|  0%| F|  |TAMS 0x0000000747200000, 0x0000000747200000| Untracked 
| 115|0x0000000747300000, 0x0000000747300000, 0x0000000747400000|  0%| F|  |TAMS 0x0000000747300000, 0x0000000747300000| Untracked 
| 116|0x0000000747400000, 0x0000000747400000, 0x0000000747500000|  0%| F|  |TAMS 0x0000000747400000, 0x0000000747400000| Untracked 
| 117|0x0000000747500000, 0x0000000747500000, 0x0000000747600000|  0%| F|  |TAMS 0x0000000747500000, 0x0000000747500000| Untracked 
| 118|0x0000000747600000, 0x0000000747600000, 0x0000000747700000|  0%| F|  |TAMS 0x0000000747600000, 0x0000000747600000| Untracked 
| 119|0x0000000747700000, 0x00000007477ec1d0, 0x0000000747800000| 92%| E|  |TAMS 0x0000000747700000, 0x0000000747700000| Complete 
| 120|0x0000000747800000, 0x0000000747900000, 0x0000000747900000|100%| E|CS|TAMS 0x0000000747800000, 0x0000000747800000| Complete 
| 121|0x0000000747900000, 0x0000000747a00000, 0x0000000747a00000|100%| E|CS|TAMS 0x0000000747900000, 0x0000000747900000| Complete 
| 122|0x0000000747a00000, 0x0000000747b00000, 0x0000000747b00000|100%| E|CS|TAMS 0x0000000747a00000, 0x0000000747a00000| Complete 
| 123|0x0000000747b00000, 0x0000000747c00000, 0x0000000747c00000|100%| E|CS|TAMS 0x0000000747b00000, 0x0000000747b00000| Complete 
| 124|0x0000000747c00000, 0x0000000747d00000, 0x0000000747d00000|100%| E|  |TAMS 0x0000000747c00000, 0x0000000747c00000| Complete 
| 125|0x0000000747d00000, 0x0000000747e00000, 0x0000000747e00000|100%| E|CS|TAMS 0x0000000747d00000, 0x0000000747d00000| Complete 
| 126|0x0000000747e00000, 0x0000000747f00000, 0x0000000747f00000|100%| E|CS|TAMS 0x0000000747e00000, 0x0000000747e00000| Complete 
| 127|0x0000000747f00000, 0x0000000748000000, 0x0000000748000000|100%| E|CS|TAMS 0x0000000747f00000, 0x0000000747f00000| Complete 

Card table byte_map: [0x000000010a378000,0x000000010a778000] _byte_map_base: 0x0000000106978000

Marking Bits (Prev, Next): (CMBitMap*) 0x000000011f831610, (CMBitMap*) 0x000000011f831650
 Prev Bits: [0x000000010ab78000, 0x000000010cb78000)
 Next Bits: [0x0000000118000000, 0x000000011a000000)

Polling page: 0x0000000104898000

Metaspace:

Usage:
  Non-class:      6.76 MB used.
      Class:    639.38 KB used.
       Both:      7.39 MB used.

Virtual space:
  Non-class space:        8.00 MB reserved,       6.88 MB ( 86%) committed,  1 nodes.
      Class space:        1.00 GB reserved,     704.00 KB ( <1%) committed,  1 nodes.
              Both:        1.01 GB reserved,       7.56 MB ( <1%) committed. 

Chunk freelists:
   Non-Class:  816.00 KB
       Class:  3.20 MB
        Both:  4.00 MB

MaxMetaspaceSize: 17179869184.00 GB
CompressedClassSpaceSize: 1.00 GB
 - commit_granule_bytes: 65536.
 - commit_granule_words: 8192.
 - virtual_space_node_default_size: 1048576.
 - enlarge_chunks_in_place: 1.
 - new_chunks_are_fully_committed: 0.
 - uncommit_free_chunks: 1.
 - use_allocation_guard: 0.
 - handle_deallocations: 1.


Internal statistics:

num_allocs_failed_limit: 0.
num_arena_births: 12.
num_arena_deaths: 0.
num_vsnodes_births: 2.
num_vsnodes_deaths: 0.
num_space_committed: 121.
num_space_uncommitted: 0.
num_chunks_returned_to_freelist: 0.
num_chunks_taken_from_freelist: 56.
num_chunk_merges: 0.
num_chunk_splits: 24.
num_chunks_enlarged: 15.
num_purges: 0.

CodeHeap 'non-profiled nmethods': size=120032Kb used=144Kb max_used=144Kb free=119887Kb
 bounds [0x00000001481a8000, 0x0000000148418000, 0x000000014f6e0000]
CodeHeap 'profiled nmethods': size=120016Kb used=757Kb max_used=757Kb free=119259Kb
 bounds [0x0000000140c74000, 0x0000000140ee4000, 0x00000001481a8000]
CodeHeap 'non-nmethods': size=5712Kb used=1064Kb max_used=1098Kb free=4647Kb
 bounds [0x00000001406e0000, 0x0000000140950000, 0x0000000140c74000]
 total_blobs=825 nmethods=463 adapters=278
 compilation: enabled
              stopped_count=0, restarted_count=0
 full_count=0

Compilation events (20 events):
Event: 0.342 Thread 0x000000011f009800 nmethod 455 0x0000000140d29510 code [0x0000000140d297c0, 0x0000000140d2a108]
Event: 0.342 Thread 0x000000011f009800  456       3       org.springframework.boot.loader.jar.Handler::normalize (75 bytes)
Event: 0.343 Thread 0x000000011f009800 nmethod 456 0x0000000140d2a510 code [0x0000000140d2a940, 0x0000000140d2ba18]
Event: 0.343 Thread 0x000000011f009800  457       3       org.springframework.boot.loader.jar.StringSequence::indexOf (18 bytes)
Event: 0.343 Thread 0x000000011f009800 nmethod 457 0x0000000140d2c090 code [0x0000000140d2c280, 0x0000000140d2c608]
Event: 0.343 Thread 0x000000011f009800  459       3       java.lang.Integer::<init> (10 bytes)
Event: 0.343 Thread 0x000000011f009800 nmethod 459 0x0000000140d2c790 code [0x0000000140d2c940, 0x0000000140d2cb68]
Event: 0.343 Thread 0x000000011f009800  458       1       java.security.CodeSource::getLocation (5 bytes)
Event: 0.343 Thread 0x000000011f009800 nmethod 458 0x00000001481c8e90 code [0x00000001481c9000, 0x00000001481c90e8]
Event: 0.343 Thread 0x000000011f009800  460       3       org.springframework.boot.loader.jar.JarURLConnection::getJarFile (5 bytes)
Event: 0.343 Thread 0x000000011f009800 nmethod 460 0x0000000140d2cc90 code [0x0000000140d2ce40, 0x0000000140d2d058]
Event: 0.343 Thread 0x000000011f009800  461       3       org.springframework.boot.loader.jar.JarURLConnection::getJarFile (9 bytes)
Event: 0.343 Thread 0x000000011f009800 nmethod 461 0x0000000140d2d190 code [0x0000000140d2d340, 0x0000000140d2d4d8]
Event: 0.344 Thread 0x000000011f008c00 nmethod 394 0x00000001481c9190 code [0x00000001481c9340, 0x00000001481c9610]
Event: 0.344 Thread 0x000000011f008c00  414 %     4       java.lang.StringLatin1::indexOf @ 30 (121 bytes)
Event: 0.345 Thread 0x000000011f009800  464       3       jdk.internal.ref.CleanerImpl::getCleanerImpl (13 bytes)
Event: 0.345 Thread 0x000000011f009800 nmethod 464 0x0000000140d2d590 code [0x0000000140d2d740, 0x0000000140d2da58]
Event: 0.345 Thread 0x000000011f009800  465       3       java.lang.ref.Cleaner$1::apply (9 bytes)
Event: 0.345 Thread 0x000000011f009800 nmethod 465 0x0000000140d2db90 code [0x0000000140d2dd40, 0x0000000140d2e028]
Event: 0.345 Thread 0x000000011f009800  468       3       java.lang.StringLatin1::toLowerCase (186 bytes)

GC Heap History (0 events):
No events

Deoptimization events (4 events):
Event: 0.139 Thread 0x000000011f80aa00 Uncommon trap: trap_request=0xffffff45 fr.pc=0x00000001481abdd8 relative=0x0000000000000198
Event: 0.139 Thread 0x000000011f80aa00 Uncommon trap: reason=unstable_if action=reinterpret pc=0x00000001481abdd8 method=java.lang.String.hashCode()I @ 42 c2
Event: 0.139 Thread 0x000000011f80aa00 DEOPT PACKING pc=0x00000001481abdd8 sp=0x000000016b881430
Event: 0.139 Thread 0x000000011f80aa00 DEOPT UNPACKING pc=0x0000000140719d9c sp=0x000000016b8813c0 mode 2

Classes unloaded (0 events):
No events

Classes redefined (0 events):
No events

Internal exceptions (2 events):
Event: 0.187 Thread 0x000000011f80aa00 Exception <a 'java/lang/NoSuchMethodError'{0x0000000747eef138}: 'int java.lang.invoke.DirectMethodHandle$Holder.invokeVirtual(java.lang.Object, java.lang.Object, java.lang.Object)'> (0x0000000747eef138) 
thrown [src/hotspot/share/interpreter/linkResolver.cpp, line 789]
Event: 0.231 Thread 0x000000011f80aa00 Exception <a 'java/lang/NoSuchMethodError'{0x0000000747d72a98}: 'void java.lang.invoke.DirectMethodHandle$Holder.invokeSpecial(java.lang.Object, java.lang.Object, java.lang.Object)'> (0x0000000747d72a98) 
thrown [src/hotspot/share/interpreter/linkResolver.cpp, line 789]

Events (20 events):
Event: 0.286 loading class java/security/Security
Event: 0.287 loading class java/security/Security done
Event: 0.287 loading class java/security/Security$1
Event: 0.287 loading class java/security/Security$1 done
Event: 0.296 loading class java/util/Properties$LineReader
Event: 0.296 loading class java/util/Properties$LineReader done
Event: 0.297 loading class java/io/FilePermissionCollection
Event: 0.297 loading class java/io/FilePermissionCollection done
Event: 0.297 loading class java/util/Vector
Event: 0.297 loading class java/util/Vector done
Event: 0.297 loading class java/io/FilePermissionCollection$1
Event: 0.297 loading class java/io/FilePermissionCollection$1 done
Event: 0.315 loading class jdk/internal/loader/BootLoader$PackageHelper
Event: 0.315 loading class jdk/internal/loader/BootLoader$PackageHelper done
Event: 0.337 loading class java/security/AccessControlException
Event: 0.337 loading class java/lang/SecurityException
Event: 0.338 loading class java/lang/SecurityException done
Event: 0.338 loading class java/security/AccessControlException done
Event: 0.341 loading class java/util/EventObject
Event: 0.341 loading class java/util/EventObject done


Dynamic libraries:
0x0000000194c01000 	/usr/lib/libz.1.dylib
0x0000000104820000 	/opt/homebrew/Cellar/openjdk/15.0.2/libexec/openjdk.jdk/Contents/Home/lib/libjli.dylib
0x000000019f10b000 	/System/Library/Frameworks/Cocoa.framework/Versions/A/Cocoa
0x000000018d04e000 	/System/Library/Frameworks/Security.framework/Versions/A/Security
0x000000019d479000 	/System/Library/Frameworks/ApplicationServices.framework/Versions/A/ApplicationServices
0x0000000194ca7000 	/usr/lib/libSystem.B.dylib
0x0000000194ca1000 	/usr/lib/system/libcache.dylib
0x0000000194c60000 	/usr/lib/system/libcommonCrypto.dylib
0x0000000194c8a000 	/usr/lib/system/libcompiler_rt.dylib
0x0000000194c81000 	/usr/lib/system/libcopyfile.dylib
0x000000018afc4000 	/usr/lib/system/libcorecrypto.dylib
0x000000018b064000 	/usr/lib/system/libdispatch.dylib
0x000000018b21d000 	/usr/lib/system/libdyld.dylib
0x0000000194c97000 	/usr/lib/system/libkeymgr.dylib
0x00000001980c8000 	/usr/lib/system/liblaunch.dylib
0x0000000194c42000 	/usr/lib/system/libmacho.dylib
0x00000001944b4000 	/usr/lib/system/libquarantine.dylib
0x0000000194c94000 	/usr/lib/system/libremovefile.dylib
0x000000018faaa000 	/usr/lib/system/libsystem_asl.dylib
0x000000018af72000 	/usr/lib/system/libsystem_blocks.dylib
0x000000018b0e6000 	/usr/lib/system/libsystem_c.dylib
0x0000000194c8e000 	/usr/lib/system/libsystem_collections.dylib
0x0000000193aee000 	/usr/lib/system/libsystem_configuration.dylib
0x0000000192e71000 	/usr/lib/system/libsystem_containermanager.dylib
0x0000000194a17000 	/usr/lib/system/libsystem_coreservices.dylib
0x000000018d625000 	/usr/lib/system/libsystem_darwin.dylib
0x0000000194c98000 	/usr/lib/system/libsystem_dnssd.dylib
0x000000018b0e3000 	/usr/lib/system/libsystem_featureflags.dylib
0x000000018b266000 	/usr/lib/system/libsystem_info.dylib
0x0000000194c13000 	/usr/lib/system/libsystem_m.dylib
0x000000018b038000 	/usr/lib/system/libsystem_malloc.dylib
0x000000018fa45000 	/usr/lib/system/libsystem_networkextension.dylib
0x000000018da68000 	/usr/lib/system/libsystem_notify.dylib
0x000000019a576000 	/usr/lib/system/libsystem_product_info_filter.dylib
0x0000000193af3000 	/usr/lib/system/libsystem_sandbox.dylib
0x0000000194c91000 	/usr/lib/system/libsystem_secinit.dylib
0x000000018b1dc000 	/usr/lib/system/libsystem_kernel.dylib
0x000000018b25f000 	/usr/lib/system/libsystem_platform.dylib
0x000000018b210000 	/usr/lib/system/libsystem_pthread.dylib
0x0000000191017000 	/usr/lib/system/libsystem_symptoms.dylib
0x000000018afac000 	/usr/lib/system/libsystem_trace.dylib
0x0000000194c6e000 	/usr/lib/system/libunwind.dylib
0x000000018af74000 	/usr/lib/system/libxpc.dylib
0x000000018b1c4000 	/usr/lib/libc++abi.dylib
0x000000018b0a9000 	/usr/lib/libobjc.A.dylib
0x0000000194c79000 	/usr/lib/liboah.dylib
0x000000018b168000 	/usr/lib/libc++.1.dylib
0x000000018b292000 	/System/Library/Frameworks/CoreFoundation.framework/Versions/A/CoreFoundation
0x000000018c059000 	/System/Library/Frameworks/Foundation.framework/Versions/C/Foundation
0x000000018dac2000 	/System/Library/Frameworks/AppKit.framework/Versions/C/AppKit
0x00000001908e0000 	/System/Library/Frameworks/CoreData.framework/Versions/A/CoreData
0x000000018e802000 	/System/Library/PrivateFrameworks/UIFoundation.framework/Versions/A/UIFoundation
0x000000019a308000 	/System/Library/PrivateFrameworks/RemoteViewServices.framework/Versions/A/RemoteViewServices
0x0000000193522000 	/System/Library/PrivateFrameworks/XCTTargetBootstrap.framework/Versions/A/XCTTargetBootstrap
0x0000000195e61000 	/usr/lib/libspindump.dylib
0x000000018ea29000 	/System/Library/Frameworks/UniformTypeIdentifiers.framework/Versions/A/UniformTypeIdentifiers
0x0000000191b0a000 	/usr/lib/libapp_launch_measurement.dylib
0x0000000191b0d000 	/System/Library/PrivateFrameworks/CoreAutoLayout.framework/Versions/A/CoreAutoLayout
0x0000000192e9f000 	/System/Library/Frameworks/Metal.framework/Versions/A/Metal
0x0000000193afe000 	/usr/lib/liblangid.dylib
0x0000000193526000 	/System/Library/PrivateFrameworks/CoreSVG.framework/Versions/A/CoreSVG
0x000000018fadc000 	/System/Library/PrivateFrameworks/SkyLight.framework/Versions/A/SkyLight
0x000000018fe47000 	/System/Library/Frameworks/CoreGraphics.framework/Versions/A/CoreGraphics
0x000000019a828000 	/System/Library/Frameworks/Accelerate.framework/Versions/A/Accelerate
0x00000001958bb000 	/System/Library/PrivateFrameworks/IconServices.framework/Versions/A/IconServices
0x0000000192e83000 	/System/Library/Frameworks/IOSurface.framework/Versions/A/IOSurface
0x00000001911ae000 	/usr/lib/libDiagnosticMessagesClient.dylib
0x000000019350a000 	/System/Library/PrivateFrameworks/DFRFoundation.framework/Versions/A/DFRFoundation
0x000000018d3b3000 	/usr/lib/libicucore.A.dylib
0x00000001973b2000 	/System/Library/Frameworks/AudioToolbox.framework/Versions/A/AudioToolbox
0x00000001965c7000 	/System/Library/PrivateFrameworks/DataDetectorsCore.framework/Versions/A/DataDetectorsCore
0x000000018fa57000 	/usr/lib/libMobileGestalt.dylib
0x00000001931ff000 	/System/Library/Frameworks/Carbon.framework/Versions/A/Frameworks/HIToolbox.framework/Versions/A/HIToolbox
0x00000001915a9000 	/System/Library/Frameworks/QuartzCore.framework/Versions/A/QuartzCore
0x000000019a340000 	/System/Library/Frameworks/Carbon.framework/Versions/A/Frameworks/SpeechRecognition.framework/Versions/A/SpeechRecognition
0x00000001918a8000 	/System/Library/PrivateFrameworks/CoreUI.framework/Versions/A/CoreUI
0x000000018ca33000 	/System/Library/Frameworks/CoreAudio.framework/Versions/A/CoreAudio
0x0000000191297000 	/System/Library/Frameworks/DiskArbitration.framework/Versions/A/DiskArbitration
0x0000000196214000 	/System/Library/PrivateFrameworks/MultitouchSupport.framework/Versions/A/MultitouchSupport
0x00000001965be000 	/System/Library/PrivateFrameworks/InternationalSupport.framework/Versions/A/InternationalSupport
0x000000018fa55000 	/usr/lib/libenergytrace.dylib
0x000000018d99c000 	/System/Library/Frameworks/IOKit.framework/Versions/A/IOKit
0x000000019a66b000 	/System/Library/Frameworks/CoreServices.framework/Versions/A/CoreServices
0x0000000191aa0000 	/System/Library/PrivateFrameworks/PerformanceAnalysis.framework/Versions/A/PerformanceAnalysis
0x00000001cd20c000 	/System/Library/Frameworks/OpenGL.framework/Versions/A/OpenGL
0x000000019663c000 	/System/Library/PrivateFrameworks/UserActivity.framework/Versions/A/UserActivity
0x0000000190435000 	/System/Library/Frameworks/ColorSync.framework/Versions/A/ColorSync
0x0000000193770000 	/System/Library/Frameworks/CoreImage.framework/Versions/A/CoreImage
0x000000018c863000 	/System/Library/Frameworks/CoreText.framework/Versions/A/CoreText
0x0000000193551000 	/System/Library/Frameworks/ImageIO.framework/Versions/A/ImageIO
0x0000000194cad000 	/System/Library/PrivateFrameworks/SoftLinking.framework/Versions/A/SoftLinking
0x0000000191b50000 	/usr/lib/libxml2.2.dylib
0x0000000194f2d000 	/usr/lib/libcompression.dylib
0x000000019650a000 	/System/Library/PrivateFrameworks/TextureIO.framework/Versions/A/TextureIO
0x0000000195618000 	/usr/lib/libate.dylib
0x0000000195461000 	/usr/lib/liblzma.5.dylib
0x000000018bd6e000 	/System/Library/Frameworks/SystemConfiguration.framework/Versions/A/SystemConfiguration
0x0000000194ca9000 	/usr/lib/libfakelink.dylib
0x000000018f5bc000 	/System/Library/Frameworks/CFNetwork.framework/Versions/A/CFNetwork
0x0000000194df3000 	/usr/lib/libarchive.2.dylib
0x000000018bdf6000 	/usr/lib/libCRFSuite.dylib
0x00000001944de000 	/usr/lib/libbsm.0.dylib
0x000000018ee73000 	/usr/lib/libnetwork.dylib
0x0000000194cae000 	/usr/lib/libpcap.A.dylib
0x000000019100f000 	/usr/lib/libdns_services.dylib
0x000000019547a000 	/usr/lib/libcoretls_cfhelpers.dylib
0x0000000194efc000 	/usr/lib/libapple_nghttp2.dylib
0x0000000194c48000 	/usr/lib/system/libkxld.dylib
0x0000000190ca0000 	/usr/lib/libsqlite3.dylib
0x00000001949fa000 	/System/Library/PrivateFrameworks/AppleFSCompression.framework/Versions/A/AppleFSCompression
0x00000001944c7000 	/usr/lib/libcoretls.dylib
0x0000000194f28000 	/usr/lib/libpam.2.dylib
0x0000000195561000 	/usr/lib/libxar.1.dylib
0x0000000193afa000 	/System/Library/PrivateFrameworks/AppleSystemInfo.framework/Versions/A/AppleSystemInfo
0x0000000194117000 	/System/Library/PrivateFrameworks/IOMobileFramebuffer.framework/Versions/A/IOMobileFramebuffer
0x0000000194a0a000 	/usr/lib/libbz2.1.0.dylib
0x0000000194cea000 	/usr/lib/libiconv.2.dylib
0x0000000194c41000 	/usr/lib/libcharset.1.dylib
0x0000000191ad9000 	/System/Library/Frameworks/CoreServices.framework/Versions/A/Frameworks/FSEvents.framework/Versions/A/FSEvents
0x000000018d630000 	/System/Library/Frameworks/CoreServices.framework/Versions/A/Frameworks/CarbonCore.framework/Versions/A/CarbonCore
0x00000001911fd000 	/System/Library/Frameworks/CoreServices.framework/Versions/A/Frameworks/Metadata.framework/Versions/A/Metadata
0x0000000194a1c000 	/System/Library/Frameworks/CoreServices.framework/Versions/A/Frameworks/OSServices.framework/Versions/A/OSServices
0x0000000194e64000 	/System/Library/Frameworks/CoreServices.framework/Versions/A/Frameworks/SearchKit.framework/Versions/A/SearchKit
0x0000000190f9b000 	/System/Library/Frameworks/CoreServices.framework/Versions/A/Frameworks/AE.framework/Versions/A/AE
0x000000018b741000 	/System/Library/Frameworks/CoreServices.framework/Versions/A/Frameworks/LaunchServices.framework/Versions/A/LaunchServices
0x000000019540e000 	/System/Library/Frameworks/CoreServices.framework/Versions/A/Frameworks/DictionaryServices.framework/Versions/A/DictionaryServices
0x0000000191ae6000 	/System/Library/Frameworks/CoreServices.framework/Versions/A/Frameworks/SharedFileList.framework/Versions/A/SharedFileList
0x00000001944b7000 	/usr/lib/libCheckFix.dylib
0x000000018fac2000 	/System/Library/PrivateFrameworks/TCC.framework/Versions/A/TCC
0x0000000193b00000 	/System/Library/PrivateFrameworks/CoreNLP.framework/Versions/A/CoreNLP
0x00000001911b1000 	/System/Library/PrivateFrameworks/MetadataUtilities.framework/Versions/A/MetadataUtilities
0x000000018be2a000 	/usr/lib/libmecabra.dylib
0x000000019479d000 	/System/Library/Frameworks/MLCompute.framework/Versions/A/MLCompute
0x00000001944ef000 	/usr/lib/libmecab.dylib
0x0000000194535000 	/usr/lib/libgermantok.dylib
0x0000000194ed5000 	/usr/lib/libThaiTokenizer.dylib
0x000000019559d000 	/usr/lib/libChineseTokenizer.dylib
0x0000000194f26000 	/System/Library/Frameworks/MetalPerformanceShaders.framework/Versions/A/MetalPerformanceShaders
0x000000019129e000 	/System/Library/Frameworks/Accelerate.framework/Versions/A/Frameworks/vImage.framework/Versions/A/vImage
0x000000019a649000 	/System/Library/Frameworks/Accelerate.framework/Versions/A/Frameworks/vecLib.framework/Versions/A/vecLib
0x00000001955a8000 	/System/Library/Frameworks/Accelerate.framework/Versions/A/Frameworks/vecLib.framework/Versions/A/libvMisc.dylib
0x0000000194055000 	/System/Library/Frameworks/Accelerate.framework/Versions/A/Frameworks/vecLib.framework/Versions/A/libvDSP.dylib
0x000000018ba54000 	/System/Library/Frameworks/Accelerate.framework/Versions/A/Frameworks/vecLib.framework/Versions/A/libBLAS.dylib
0x0000000194f51000 	/System/Library/Frameworks/Accelerate.framework/Versions/A/Frameworks/vecLib.framework/Versions/A/libLAPACK.dylib
0x000000019453a000 	/System/Library/Frameworks/Accelerate.framework/Versions/A/Frameworks/vecLib.framework/Versions/A/libLinearAlgebra.dylib
0x0000000194f13000 	/System/Library/Frameworks/Accelerate.framework/Versions/A/Frameworks/vecLib.framework/Versions/A/libSparseBLAS.dylib
0x0000000194f4c000 	/System/Library/Frameworks/Accelerate.framework/Versions/A/Frameworks/vecLib.framework/Versions/A/libQuadrature.dylib
0x0000000193b96000 	/System/Library/Frameworks/Accelerate.framework/Versions/A/Frameworks/vecLib.framework/Versions/A/libBNNS.dylib
0x000000018bd0a000 	/System/Library/Frameworks/Accelerate.framework/Versions/A/Frameworks/vecLib.framework/Versions/A/libSparse.dylib
0x0000000193a89000 	/System/Library/Frameworks/MetalPerformanceShaders.framework/Versions/A/Frameworks/MPSCore.framework/Versions/A/MPSCore
0x0000000194972000 	/System/Library/Frameworks/MetalPerformanceShaders.framework/Versions/A/Frameworks/MPSImage.framework/Versions/A/MPSImage
0x000000019454f000 	/System/Library/Frameworks/MetalPerformanceShaders.framework/Versions/A/Frameworks/MPSNeuralNetwork.framework/Versions/A/MPSNeuralNetwork
0x00000001948f0000 	/System/Library/Frameworks/MetalPerformanceShaders.framework/Versions/A/Frameworks/MPSMatrix.framework/Versions/A/MPSMatrix
0x0000000194753000 	/System/Library/Frameworks/MetalPerformanceShaders.framework/Versions/A/Frameworks/MPSRayIntersector.framework/Versions/A/MPSRayIntersector
0x000000019491f000 	/System/Library/Frameworks/MetalPerformanceShaders.framework/Versions/A/Frameworks/MPSNDArray.framework/Versions/A/MPSNDArray
0x000000018b97a000 	/System/Library/PrivateFrameworks/MetalTools.framework/Versions/A/MetalTools
0x0000000193af8000 	/System/Library/PrivateFrameworks/AggregateDictionary.framework/Versions/A/AggregateDictionary
0x000000019117b000 	/System/Library/PrivateFrameworks/CoreAnalytics.framework/Versions/A/CoreAnalytics
0x0000000194ed7000 	/System/Library/PrivateFrameworks/AppleSauce.framework/Versions/A/AppleSauce
0x0000000192e95000 	/System/Library/PrivateFrameworks/IOAccelerator.framework/Versions/A/IOAccelerator
0x00000001cd1ff000 	/System/Library/Frameworks/OpenGL.framework/Versions/A/Libraries/libCoreFSCache.dylib
0x000000018c3e6000 	/System/Library/PrivateFrameworks/LanguageModeling.framework/Versions/A/LanguageModeling
0x0000000194104000 	/System/Library/PrivateFrameworks/CoreEmoji.framework/Versions/A/CoreEmoji
0x0000000193b8e000 	/System/Library/PrivateFrameworks/LinguisticData.framework/Versions/A/LinguisticData
0x000000018bcbf000 	/System/Library/PrivateFrameworks/Lexicon.framework/Versions/A/Lexicon
0x0000000194de0000 	/usr/lib/libcmph.dylib
0x0000000191ab9000 	/System/Library/Frameworks/OpenDirectory.framework/Versions/A/Frameworks/CFOpenDirectory.framework/Versions/A/CFOpenDirectory
0x0000000191aab000 	/System/Library/Frameworks/OpenDirectory.framework/Versions/A/OpenDirectory
0x000000019547c000 	/System/Library/PrivateFrameworks/APFS.framework/Versions/A/APFS
0x0000000194420000 	/System/Library/Frameworks/SecurityFoundation.framework/Versions/A/SecurityFoundation
0x000000019556f000 	/usr/lib/libutil.dylib
0x000000018d960000 	/System/Library/PrivateFrameworks/CoreServicesStore.framework/Versions/A/CoreServicesStore
0x00000001944ae000 	/System/Library/Frameworks/ServiceManagement.framework/Versions/A/ServiceManagement
0x0000000195573000 	/usr/lib/libxslt.1.dylib
0x00000001944a4000 	/System/Library/PrivateFrameworks/BackgroundTaskManagement.framework/Versions/A/BackgroundTaskManagement
0x0000000196459000 	/System/Library/Frameworks/ImageIO.framework/Versions/A/Resources/libRadiance.dylib
0x0000000196462000 	/System/Library/Frameworks/ImageIO.framework/Versions/A/Resources/libJPEG.dylib
0x00000001963b1000 	/System/Library/Frameworks/ImageIO.framework/Versions/A/Resources/libPng.dylib
0x00000001963d8000 	/System/Library/Frameworks/ImageIO.framework/Versions/A/Resources/libTIFF.dylib
0x00000001964b3000 	/System/Library/Frameworks/ImageIO.framework/Versions/A/Resources/libGIF.dylib
0x000000019612e000 	/System/Library/Frameworks/ImageIO.framework/Versions/A/Resources/libJP2.dylib
0x0000000195885000 	/usr/lib/libexpat.1.dylib
0x00000001960ea000 	/System/Library/PrivateFrameworks/AppleJPEG.framework/Versions/A/AppleJPEG
0x00000001930a6000 	/System/Library/PrivateFrameworks/FontServices.framework/libFontParser.dylib
0x0000000190f4d000 	/System/Library/PrivateFrameworks/RunningBoardServices.framework/Versions/A/RunningBoardServices
0x000000019f63a000 	/System/Library/PrivateFrameworks/IOSurfaceAccelerator.framework/Versions/A/IOSurfaceAccelerator
0x0000000196210000 	/System/Library/PrivateFrameworks/WatchdogClient.framework/Versions/A/WatchdogClient
0x000000018c4d6000 	/System/Library/Frameworks/CoreDisplay.framework/Versions/A/CoreDisplay
0x0000000192fae000 	/System/Library/Frameworks/CoreMedia.framework/Versions/A/CoreMedia
0x0000000191c3d000 	/System/Library/Frameworks/CoreVideo.framework/Versions/A/CoreVideo
0x000000019624d000 	/System/Library/Frameworks/VideoToolbox.framework/Versions/A/VideoToolbox
0x0000000190eca000 	/System/Library/PrivateFrameworks/BaseBoard.framework/Versions/A/BaseBoard
0x00000001959c2000 	/System/Library/PrivateFrameworks/PersistentConnection.framework/Versions/A/PersistentConnection
0x0000000190c89000 	/System/Library/PrivateFrameworks/ProtocolBuffer.framework/Versions/A/ProtocolBuffer
0x0000000190eb3000 	/System/Library/PrivateFrameworks/CommonUtilities.framework/Versions/A/CommonUtilities
0x00000001960af000 	/System/Library/PrivateFrameworks/Bom.framework/Versions/A/Bom
0x0000000196454000 	/System/Library/PrivateFrameworks/GPUWrangler.framework/Versions/A/GPUWrangler
0x0000000196435000 	/System/Library/PrivateFrameworks/IOPresentment.framework/Versions/A/IOPresentment
0x000000019645c000 	/System/Library/PrivateFrameworks/DSExternalDisplay.framework/Versions/A/DSExternalDisplay
0x00000001964b8000 	/System/Library/PrivateFrameworks/CMCaptureCore.framework/Versions/A/CMCaptureCore
0x0000000195e4a000 	/System/Library/PrivateFrameworks/AppServerSupport.framework/Versions/A/AppServerSupport
0x0000000197e82000 	/System/Library/PrivateFrameworks/perfdata.framework/Versions/A/perfdata
0x0000000194410000 	/System/Library/PrivateFrameworks/AssertionServices.framework/Versions/A/AssertionServices
0x000000018c5f9000 	/System/Library/PrivateFrameworks/AudioToolboxCore.framework/Versions/A/AudioToolboxCore
0x0000000192f8e000 	/System/Library/PrivateFrameworks/caulk.framework/Versions/A/caulk
0x00000001a6c50000 	/System/Library/PrivateFrameworks/SystemPolicy.framework/Versions/A/SystemPolicy
0x00000001956aa000 	/usr/lib/libIOReport.dylib
0x000000019771e000 	/usr/lib/libSMC.dylib
0x000000019637e000 	/usr/lib/libAudioToolboxUtility.dylib
0x00000001a75d5000 	/usr/lib/libmis.dylib
0x00000001cd261000 	/System/Library/Frameworks/OpenGL.framework/Versions/A/Libraries/libGLU.dylib
0x00000001cd21f000 	/System/Library/Frameworks/OpenGL.framework/Versions/A/Libraries/libGFXShared.dylib
0x00000001cd407000 	/System/Library/Frameworks/OpenGL.framework/Versions/A/Libraries/libGL.dylib
0x00000001cd228000 	/System/Library/Frameworks/OpenGL.framework/Versions/A/Libraries/libGLImage.dylib
0x00000001cd21c000 	/System/Library/Frameworks/OpenGL.framework/Versions/A/Libraries/libCVMSPluginSupport.dylib
0x00000001cd206000 	/System/Library/Frameworks/OpenGL.framework/Versions/A/Libraries/libCoreVMClient.dylib
0x000000019e17e000 	/System/Library/PrivateFrameworks/ASEProcessing.framework/Versions/A/ASEProcessing
0x00000001959e9000 	/System/Library/PrivateFrameworks/GraphVisualizer.framework/Versions/A/GraphVisualizer
0x00000001959f7000 	/System/Library/PrivateFrameworks/FaceCore.framework/Versions/A/FaceCore
0x0000000195e0a000 	/System/Library/PrivateFrameworks/OTSVG.framework/Versions/A/OTSVG
0x0000000191866000 	/System/Library/Frameworks/ApplicationServices.framework/Versions/A/Frameworks/ATS.framework/Versions/A/Resources/libFontRegistry.dylib
0x0000000195e52000 	/System/Library/PrivateFrameworks/FontServices.framework/libhvf.dylib
0x00000001cd5a2000 	/System/Library/Frameworks/OpenCL.framework/Versions/A/OpenCL
0x0000000195839000 	/System/Library/PrivateFrameworks/AppleVA.framework/Versions/A/AppleVA
0x000000019756a000 	/System/Library/Frameworks/ApplicationServices.framework/Versions/A/Frameworks/ATS.framework/Versions/A/ATS
0x000000019787d000 	/System/Library/Frameworks/ApplicationServices.framework/Versions/A/Frameworks/ColorSyncLegacy.framework/Versions/A/ColorSyncLegacy
0x000000019052b000 	/System/Library/Frameworks/ApplicationServices.framework/Versions/A/Frameworks/HIServices.framework/Versions/A/HIServices
0x000000019785c000 	/System/Library/Frameworks/ApplicationServices.framework/Versions/A/Frameworks/LangAnalysis.framework/Versions/A/LangAnalysis
0x00000001964c2000 	/System/Library/Frameworks/ApplicationServices.framework/Versions/A/Frameworks/PrintCore.framework/Versions/A/PrintCore
0x0000000197885000 	/System/Library/Frameworks/ApplicationServices.framework/Versions/A/Frameworks/QD.framework/Versions/A/QD
0x0000000197556000 	/System/Library/Frameworks/ApplicationServices.framework/Versions/A/Frameworks/SpeechSynthesis.framework/Versions/A/SpeechSynthesis
0x0000000196483000 	/System/Library/Frameworks/ApplicationServices.framework/Versions/A/Frameworks/ATSUI.framework/Versions/A/ATSUI
0x00000001977fe000 	/usr/lib/libcups.2.dylib
0x0000000197870000 	/System/Library/PrivateFrameworks/NetAuth.framework/Versions/A/NetAuth
0x0000000197e9c000 	/System/Library/Frameworks/Kerberos.framework/Versions/A/Kerberos
0x0000000197ead000 	/System/Library/Frameworks/GSS.framework/Versions/A/GSS
0x00000001975d9000 	/usr/lib/libresolv.9.dylib
0x0000000195e68000 	/System/Library/PrivateFrameworks/Heimdal.framework/Versions/A/Heimdal
0x000000019d769000 	/System/Library/Frameworks/Kerberos.framework/Versions/A/Libraries/libHeimdalProxy.dylib
0x000000019101f000 	/System/Library/Frameworks/Network.framework/Versions/A/Network
0x000000019589f000 	/usr/lib/libheimdal-asn1.dylib
0x0000000197ef5000 	/System/Library/PrivateFrameworks/CommonAuth.framework/Versions/A/CommonAuth
0x0000000191c91000 	/System/Library/PrivateFrameworks/login.framework/Versions/A/Frameworks/loginsupport.framework/Versions/A/loginsupport
0x00000001974db000 	/System/Library/PrivateFrameworks/AudioSession.framework/Versions/A/AudioSession
0x0000000197543000 	/usr/lib/libAudioStatistics.dylib
0x000000019591f000 	/System/Library/PrivateFrameworks/MediaExperience.framework/Versions/A/MediaExperience
0x000000019737c000 	/System/Library/PrivateFrameworks/AudioSession.framework/libSessionUtility.dylib
0x0000000197e8e000 	/usr/lib/libperfcheck.dylib
0x0000000197891000 	/System/Library/PrivateFrameworks/AudioResourceArbitration.framework/Versions/A/AudioResourceArbitration
0x00000001958a8000 	/System/Library/PrivateFrameworks/IconFoundation.framework/Versions/A/IconFoundation
0x000000019a330000 	/System/Library/PrivateFrameworks/SpeechRecognitionCore.framework/Versions/A/SpeechRecognitionCore
0x00000001c16dd000 	/System/Library/CoreServices/Encodings/libJapaneseConverter.dylib
0x0000000109000000 	/opt/homebrew/Cellar/openjdk/15.0.2/libexec/openjdk.jdk/Contents/Home/lib/server/libjvm.dylib
0x0000000104884000 	/opt/homebrew/Cellar/openjdk/15.0.2/libexec/openjdk.jdk/Contents/Home/lib/libjimage.dylib
0x0000000104a00000 	/opt/homebrew/Cellar/openjdk/15.0.2/libexec/openjdk.jdk/Contents/Home/lib/libjava.dylib
0x0000000104a40000 	/opt/homebrew/Cellar/openjdk/15.0.2/libexec/openjdk.jdk/Contents/Home/lib/libnio.dylib
0x0000000104a60000 	/opt/homebrew/Cellar/openjdk/15.0.2/libexec/openjdk.jdk/Contents/Home/lib/libnet.dylib
0x0000000104dd0000 	/opt/homebrew/Cellar/openjdk/15.0.2/libexec/openjdk.jdk/Contents/Home/lib/libzip.dylib


VM Arguments:
java_command: /Users/ykmac/.vscode/extensions/salesforce.salesforce-vscode-slds-1.4.8/lsp-0.0.13-executable.jar --PORT=51771
java_class_path (initial): /Users/ykmac/.vscode/extensions/salesforce.salesforce-vscode-slds-1.4.8/lsp-0.0.13-executable.jar
Launcher Type: SUN_STANDARD

[Global flags]
     intx CICompilerCount                          = 4                                         {product} {ergonomic}
     uint ConcGCThreads                            = 2                                         {product} {ergonomic}
     uint G1ConcRefinementThreads                  = 8                                         {product} {ergonomic}
   size_t G1HeapRegionSize                         = 1048576                                   {product} {ergonomic}
    uintx GCDrainStackTargetSize                   = 64                                        {product} {ergonomic}
   size_t InitialHeapSize                          = 134217728                                 {product} {ergonomic}
   size_t MarkStackSize                            = 4194304                                   {product} {ergonomic}
   size_t MaxHeapSize                              = 2147483648                                {product} {ergonomic}
   size_t MaxNewSize                               = 1287651328                                {product} {ergonomic}
   size_t MinHeapDeltaBytes                        = 1048576                                   {product} {ergonomic}
   size_t MinHeapSize                              = 8388608                                   {product} {ergonomic}
    uintx NonNMethodCodeHeapSize                   = 5839564                                {pd product} {ergonomic}
    uintx NonProfiledCodeHeapSize                  = 122909338                              {pd product} {ergonomic}
    uintx ProfiledCodeHeapSize                     = 122909338                              {pd product} {ergonomic}
    uintx ReservedCodeCacheSize                    = 251658240                              {pd product} {ergonomic}
     bool SegmentedCodeCache                       = true                                      {product} {ergonomic}
   size_t SoftMaxHeapSize                          = 2147483648                             {manageable} {ergonomic}
     bool UseCompressedClassPointers               = true                           {product lp64_product} {ergonomic}
     bool UseCompressedOops                        = true                           {product lp64_product} {ergonomic}
     bool UseG1GC                                  = true                                      {product} {ergonomic}
     bool UseNUMA                                  = false                                     {product} {ergonomic}
     bool UseNUMAInterleaving                      = false                                     {product} {ergonomic}

Logging:
Log output configuration:
 #0: stdout all=warning uptime,level,tags
 #1: stderr all=off uptime,level,tags

Environment Variables:
PATH=/Users/ykmac/opt/anaconda3/bin:/Users/ykmac/opt/anaconda3/condabin:/opt/homebrew/bin:/opt/homebrew/sbin:/usr/local/bin:/usr/bin:/bin:/usr/sbin:/sbin:/opt/homebrew/bin
SHELL=/bin/zsh

Signal Handlers:
SIGSEGV: [libjvm.dylib+0x9b5050], sa_mask[0]=11100110000111110111111111111111, sa_flags=SA_ONSTACK|SA_RESTART|SA_SIGINFO
SIGBUS: [libjvm.dylib+0x9b5050], sa_mask[0]=11100110000111110111111111111111, sa_flags=SA_RESTART|SA_SIGINFO
SIGFPE: [libjvm.dylib+0x9b5050], sa_mask[0]=11100110000111110111111111111111, sa_flags=SA_RESTART|SA_SIGINFO
SIGPIPE: [libjvm.dylib+0x89b5ec], sa_mask[0]=11100110000111110111111111111111, sa_flags=SA_RESTART|SA_SIGINFO
SIGXFSZ: [libjvm.dylib+0x89b5ec], sa_mask[0]=11100110000111110111111111111111, sa_flags=SA_RESTART|SA_SIGINFO
SIGILL: [libjvm.dylib+0x9b5050], sa_mask[0]=11100110000111110111111111111111, sa_flags=SA_RESTART|SA_SIGINFO
SIGUSR2: [libjvm.dylib+0x89c018], sa_mask[0]=00000000000000000000000000000000, sa_flags=SA_RESTART|SA_SIGINFO
SIGHUP: [libjvm.dylib+0x89a694], sa_mask[0]=11100110000111110111111111111111, sa_flags=SA_RESTART|SA_SIGINFO
SIGINT: [libjvm.dylib+0x89a694], sa_mask[0]=11100110000111110111111111111111, sa_flags=SA_RESTART|SA_SIGINFO
SIGTERM: [libjvm.dylib+0x89a694], sa_mask[0]=11100110000111110111111111111111, sa_flags=SA_RESTART|SA_SIGINFO
SIGQUIT: [libjvm.dylib+0x89a694], sa_mask[0]=11100110000111110111111111111111, sa_flags=SA_RESTART|SA_SIGINFO


---------------  S Y S T E M  ---------------

OS:uname: Darwin 20.5.0 Darwin Kernel Version 20.5.0: Sat May  8 05:10:31 PDT 2021; root:xnu-7195.121.3~9/RELEASE_ARM64_T8101 arm64
OS uptime: 0 days 4:03 hours
rlimit (soft/hard): STACK 8176k/65520k , CORE 0k/infinity , NPROC 1333/2000 , NOFILE 10240/infinity , AS infinity/infinity , CPU infinity/infinity , DATA infinity/infinity , FSIZE infinity/infinity , MEMLOCK infinity/infinity , RSS infinity/infinity
load average: 2.55 1.76 1.54

CPU: total 8 (initial active 8) 0x61:0x0:0x1b588bb3:0, simd, crc, lse

Memory: 16k page, physical 8388608k(131584k free), swap 3145728k(1203712k free)

vm_info: OpenJDK 64-Bit Server VM (16+14) for bsd-aarch64 JRE (16+14), built on Mar  1 2021 20:26:25 by "brew" with clang Apple LLVM 12.0.0 (clang-1200.0.32.29)

END.
